[2026-06-21 00:34:37] WorldCup dashboard autostart triggered.
[2026-06-21 00:34:45] Generating dashboard data via WSL: /mnt/d/Work_AI/shijiebei2026/web/generate_web_data.py
[2026-06-21 00:34:48] WSL: Generated /mnt/c/nginx-1.24.0/html/worldcup/data/current.json
[2026-06-21 00:34:48] WSL: Prediction target 2026-06-23, matches=4
[2026-06-21 00:34:48] WSL: - 06-23 01:00 éک؟و ¹ه»?vs ه¥¥هœ°هˆ?- 06-23 05:00 و³•ه›½ vs ن¼ٹو‹‰ه…?- 06-23 08:00 وŒھه¨پ vs ه،‍ه†…هٹ ه°”
[2026-06-21 00:34:48] WSL: - 06-23 11:00 ç؛¦و—¦ vs éک؟ه°”هڈٹهˆ©ن؛?
[2026-06-21 00:34:48] WSL generation exit code: 0
[2026-06-21 00:34:48] Starting nginx: C:\nginx-1.24.0\nginx.exe
[2026-06-21 00:34:50] Opening dashboard: http://localhost/worldcup/
[2026-06-21 00:34:50] WorldCup dashboard autostart finished.
[2026-06-21 00:39:00] WorldCup dashboard autostart triggered.
[2026-06-21 00:39:08] Generating dashboard data via WSL: /mnt/d/Work_AI/shijiebei2026/web/generate_web_data.py
[2026-06-21 00:39:12] WSL: Generated /mnt/c/nginx-1.24.0/html/worldcup/data/current.json
[2026-06-21 00:39:12] WSL: Prediction target 2026-06-23, matches=4
[2026-06-21 00:39:12] WSL: - 06-23 01:00 éک؟و ¹ه»· vs ه¥¥هœ°هˆ©
[2026-06-21 00:39:12] WSL: - 06-23 05:00 و³•ه›½ vs ن¼ٹو‹‰ه…‹
[2026-06-21 00:39:12] WSL: - 06-23 08:00 وŒھه¨پ vs ه،‍ه†…هٹ ه°”
[2026-06-21 00:39:12] WSL: - 06-23 11:00 ç؛¦و—¦ vs éک؟ه°”هڈٹهˆ©ن؛ڑ
[2026-06-21 00:39:12] WSL generation exit code: 0
[2026-06-21 00:39:12] nginx already running: 6344,27808
[2026-06-21 00:39:12] Opening dashboard: http://localhost/worldcup/
[2026-06-21 00:39:12] WorldCup dashboard autostart finished.
[2026-06-21 08:06:32] WorldCup dashboard autostart triggered.
[2026-06-21 08:06:40] Generating dashboard data via WSL: /mnt/d/Work_AI/shijiebei2026/web/generate_web_data.py
[2026-06-21 08:06:42] WSL: Generated /mnt/c/nginx-1.24.0/html/worldcup/data/current.json
[2026-06-21 08:06:42] WSL: Prediction target 2026-06-23, matches=4
[2026-06-21 08:06:42] WSL: - 06-23 01:00 éک؟و ¹ه»· vs ه¥¥هœ°هˆ©
[2026-06-21 08:06:42] WSL: - 06-23 05:00 و³•ه›½ vs ن¼ٹو‹‰ه…‹
[2026-06-21 08:06:42] WSL: - 06-23 08:00 وŒھه¨پ vs ه،‍ه†…هٹ ه°”
[2026-06-21 08:06:42] WSL: - 06-23 11:00 ç؛¦و—¦ vs éک؟ه°”هڈٹهˆ©ن؛ڑ
[2026-06-21 08:06:42] WSL: Report source /mnt/d/Work_AI/shijiebei2026/reports, files=7, parsed_predictions=19, completed=16
[2026-06-21 08:06:42] WSL generation exit code: 0
[2026-06-21 08:06:42] Starting nginx: C:\nginx-1.24.0\nginx.exe
[2026-06-21 08:06:44] Opening dashboard: http://localhost/worldcup/
[2026-06-21 08:06:44] WorldCup dashboard autostart finished.
[2026-06-22 08:40:48] WorldCup dashboard autostart triggered.
[2026-06-22 08:40:56] Generating dashboard data via WSL: /mnt/d/Work_AI/shijiebei2026/web/generate_web_data.py
[2026-06-22 08:41:02] WSL: Generated /mnt/c/nginx-1.24.0/html/worldcup/data/current.json
[2026-06-22 08:41:02] WSL: Prediction target 2026-06-23, matches=4
[2026-06-22 08:41:02] WSL: - 06-23 01:00 éک؟و ¹ه»· vs ه¥¥هœ°هˆ©
[2026-06-22 08:41:02] WSL: - 06-23 05:00 و³•ه›½ vs ن¼ٹو‹‰ه…‹
[2026-06-22 08:41:02] WSL: - 06-23 08:00 وŒھه¨پ vs ه،‍ه†…هٹ ه°”
[2026-06-22 08:41:02] WSL: - 06-23 11:00 ç؛¦و—¦ vs éک؟ه°”هڈٹهˆ©ن؛ڑ
[2026-06-22 08:41:02] WSL: Report source /mnt/d/Work_AI/shijiebei2026/reports, files=7, parsed_predictions=19, completed=19
[2026-06-22 08:41:02] WSL generation exit code: 0
[2026-06-22 08:41:02] Starting nginx: C:\nginx-1.24.0\nginx.exe
[2026-06-22 08:41:04] Opening dashboard: http://localhost/worldcup/
[2026-06-22 08:41:04] WorldCup dashboard autostart finished.
[2026-06-23 07:29:07] WorldCup dashboard autostart triggered.
[2026-06-23 07:29:15] Generating dashboard data via WSL: /mnt/d/Work_AI/shijiebei2026/web/generate_web_data.py
[2026-06-23 07:29:18] WSL: Generated /mnt/c/nginx-1.24.0/html/worldcup/data/current.json
[2026-06-23 07:29:18] WSL: Prediction target 2026-06-24, matches=4
[2026-06-23 07:29:18] WSL: - 06-24 01:00 è‘،èگ„ç‰™ vs ن¹Œه…¹هˆ«ه…‹و–¯ه‌¦
[2026-06-23 07:29:18] WSL: - 06-24 04:00 è‹±و ¼ه…° vs هٹ ç؛³
[2026-06-23 07:29:18] WSL: - 06-24 07:00 Panama vs ه…‹ç½—هœ°ن؛ڑ
[2026-06-23 07:29:18] WSL: - 06-24 10:00 ه“¥ن¼¦و¯”ن؛ڑ vs Congo DR
[2026-06-23 07:29:18] WSL: Report source /mnt/d/Work_AI/shijiebei2026/reports, files=8, parsed_predictions=23, completed=21
[2026-06-23 07:29:18] WSL generation exit code: 0
[2026-06-23 07:29:18] Starting nginx: C:\nginx-1.24.0\nginx.exe
[2026-06-23 07:29:20] Opening dashboard: http://localhost/worldcup/
[2026-06-23 07:29:20] WorldCup dashboard autostart finished.
[2026-06-24 08:32:56] WorldCup dashboard autostart triggered.
[2026-06-24 08:33:05] Generating dashboard data via WSL: /mnt/d/Work_AI/shijiebei2026/web/generate_web_data.py
[2026-06-24 08:33:07] WSL: Generated /mnt/c/nginx-1.24.0/html/worldcup/data/current.json
[2026-06-24 08:33:07] WSL: Prediction target 2026-06-25, matches=4
[2026-06-24 08:33:07] WSL: - 06-25 03:00 و³¢é»‘ vs هچ،ه،”ه°”
[2026-06-24 08:33:07] WSL: - 06-25 03:00 ç‘‍ه£« vs هٹ و‹؟ه¤§
[2026-06-24 08:33:07] WSL: - 06-25 06:00 و‘©و´›ه“¥ vs وµ·هœ°
[2026-06-24 08:33:07] WSL: - 06-25 06:00 è‹ڈو ¼ه…° vs ه·´è¥؟
[2026-06-24 08:33:07] WSL: Report source /mnt/d/Work_AI/shijiebei2026/reports, files=9, parsed_predictions=27, completed=26
[2026-06-24 08:33:07] WSL generation exit code: 0
[2026-06-24 08:33:07] Starting nginx: C:\nginx-1.24.0\nginx.exe
[2026-06-24 08:33:09] Opening dashboard: http://localhost/worldcup/
[2026-06-24 08:33:09] WorldCup dashboard autostart finished.
